  % Total    % Received % Xferd  Average Speed   Time    Time     Time  Current
                                 Dload  Upload   Total   Spent    Left  Speed
  0     0    0     0    0     0      0      0 --:--:-- --:--:-- --:--:--     0*   Trying 18.222.152.96:80...
* TCP_NODELAY set
* Connected to ec2-18-222-152-96.us-east-2.compute.amazonaws.com (18.222.152.96) port 80 (#0)
> GET / HTTP/1.1
> Host: ec2-18-222-152-96.us-east-2.compute.amazonaws.com
> User-Agent: curl/7.68.0
> Accept: */*
> Cookie: login=eyJsb2dpbiI6ImF3ZGVvcmlvIn0.Y0jH2A.FszNDRfkeExBQUoY5fGe0F1BeBU
> 
* Mark bundle as not supporting multiuse
< HTTP/1.1 200 OK
< Server: nginx/1.18.0 (Ubuntu)
< Date: Fri, 14 Oct 2022 02:22:34 GMT
< Content-Type: text/html; charset=utf-8
< Content-Length: 2935
< Connection: keep-alive
< Vary: Cookie
< 
{ [1261 bytes data]
100  2935  100  2935    0     0  24663      0 --:--:-- --:--:-- --:--:-- 24663
* Connection #0 to host ec2-18-222-152-96.us-east-2.compute.amazonaws.com left intact
