  % Total    % Received % Xferd  Average Speed   Time    Time     Time  Current
                                 Dload  Upload   Total   Spent    Left  Speed
  0     0    0     0    0     0      0      0 --:--:-- --:--:-- --:--:--     0*   Trying 18.222.152.96:80...
* TCP_NODELAY set
* Connected to ec2-18-222-152-96.us-east-2.compute.amazonaws.com (18.222.152.96) port 80 (#0)
> GET /static/js/bundle.js HTTP/1.1
> Host: ec2-18-222-152-96.us-east-2.compute.amazonaws.com
> User-Agent: curl/7.68.0
> Accept: */*
> Cookie: login=eyJsb2dpbiI6ImF3ZGVvcmlvIn0.Y0jH2A.FszNDRfkeExBQUoY5fGe0F1BeBU
> 
* Mark bundle as not supporting multiuse
< HTTP/1.1 200 OK
< Server: nginx/1.18.0 (Ubuntu)
< Date: Fri, 14 Oct 2022 02:22:45 GMT
< Content-Type: application/javascript; charset=utf-8
< Content-Length: 1142022
< Connection: keep-alive
< Content-Disposition: inline; filename=bundle.js
< Last-Modified: Fri, 14 Oct 2022 02:20:00 GMT
< Cache-Control: no-cache
< 
{ [1139 bytes data]
 19 1115k   19  213k    0     0  1040k      0  0:00:01 --:--:--  0:00:01 1035k100 1115k  100 1115k    0     0  3159k      0 --:--:-- --:--:-- --:--:-- 3150k
* Connection #0 to host ec2-18-222-152-96.us-east-2.compute.amazonaws.com left intact
